c:\users\nikit\source\repos\mycrisscross\mycrisscross\x64\debug\vc142.pdb
c:\users\nikit\source\repos\mycrisscross\mycrisscross\x64\debug\vc142.idb
c:\users\nikit\source\repos\mycrisscross\mycrisscross\x64\debug\winschecker.obj
c:\users\nikit\source\repos\mycrisscross\mycrisscross\x64\debug\uiinterface.obj
c:\users\nikit\source\repos\mycrisscross\mycrisscross\x64\debug\mycrisscross.obj
c:\users\nikit\source\repos\mycrisscross\mycrisscross\x64\debug\inputchecker.obj
c:\users\nikit\source\repos\mycrisscross\mycrisscross\x64\debug\gamefieldui.obj
c:\users\nikit\source\repos\mycrisscross\mycrisscross\x64\debug\gamefieldinteractive.obj
c:\users\nikit\source\repos\mycrisscross\x64\debug\mycrisscross.exe
c:\users\nikit\source\repos\mycrisscross\x64\debug\mycrisscross.ilk
c:\users\nikit\source\repos\mycrisscross\x64\debug\mycrisscross.pdb
c:\users\nikit\source\repos\mycrisscross\mycrisscross\x64\debug\mycrisscross.obj.enc
c:\users\nikit\source\repos\mycrisscross\mycrisscross\x64\debug\uiinterface.obj.enc
c:\users\nikit\source\repos\mycrisscross\mycrisscross\x64\debug\winschecker.obj.enc
c:\users\nikit\source\repos\mycrisscross\mycrisscross\x64\debug\gamefieldinteractive.nativecodeanalysis.xml
c:\users\nikit\source\repos\mycrisscross\mycrisscross\x64\debug\gamefieldui.nativecodeanalysis.xml
c:\users\nikit\source\repos\mycrisscross\mycrisscross\x64\debug\inputchecker.nativecodeanalysis.xml
c:\users\nikit\source\repos\mycrisscross\mycrisscross\x64\debug\mycrisscross.nativecodeanalysis.xml
c:\users\nikit\source\repos\mycrisscross\mycrisscross\x64\debug\uiinterface.nativecodeanalysis.xml
c:\users\nikit\source\repos\mycrisscross\mycrisscross\x64\debug\winschecker.nativecodeanalysis.xml
c:\users\nikit\source\repos\mycrisscross\mycrisscross\x64\debug\mycrisscross.tlog\cl.command.1.tlog
c:\users\nikit\source\repos\mycrisscross\mycrisscross\x64\debug\mycrisscross.tlog\cl.read.1.tlog
c:\users\nikit\source\repos\mycrisscross\mycrisscross\x64\debug\mycrisscross.tlog\cl.write.1.tlog
c:\users\nikit\source\repos\mycrisscross\mycrisscross\x64\debug\mycrisscross.tlog\link.8888-cvtres.read.1.tlog
c:\users\nikit\source\repos\mycrisscross\mycrisscross\x64\debug\mycrisscross.tlog\link.8888-cvtres.write.1.tlog
c:\users\nikit\source\repos\mycrisscross\mycrisscross\x64\debug\mycrisscross.tlog\link.8888-rc.read.1.tlog
c:\users\nikit\source\repos\mycrisscross\mycrisscross\x64\debug\mycrisscross.tlog\link.8888-rc.write.1.tlog
c:\users\nikit\source\repos\mycrisscross\mycrisscross\x64\debug\mycrisscross.tlog\link.8888.read.1.tlog
c:\users\nikit\source\repos\mycrisscross\mycrisscross\x64\debug\mycrisscross.tlog\link.8888.write.1.tlog
c:\users\nikit\source\repos\mycrisscross\mycrisscross\x64\debug\mycrisscross.tlog\link.command.1.tlog
c:\users\nikit\source\repos\mycrisscross\mycrisscross\x64\debug\mycrisscross.tlog\link.read.1.tlog
c:\users\nikit\source\repos\mycrisscross\mycrisscross\x64\debug\mycrisscross.tlog\link.write.1.tlog
