c:\users\nikit\source\repos\mycrisscross\mycrisscross\debug\vc142.pdb
c:\users\nikit\source\repos\mycrisscross\mycrisscross\debug\vc142.idb
c:\users\nikit\source\repos\mycrisscross\mycrisscross\debug\winschecker.nativecodeanalysis.sarif
c:\users\nikit\source\repos\mycrisscross\mycrisscross\debug\winschecker.nativecodeanalysis.xml
c:\users\nikit\source\repos\mycrisscross\mycrisscross\debug\uiinterface.nativecodeanalysis.sarif
c:\users\nikit\source\repos\mycrisscross\mycrisscross\debug\uiinterface.nativecodeanalysis.xml
c:\users\nikit\source\repos\mycrisscross\mycrisscross\debug\mycrisscross.nativecodeanalysis.sarif
c:\users\nikit\source\repos\mycrisscross\mycrisscross\debug\mycrisscross.nativecodeanalysis.xml
c:\users\nikit\source\repos\mycrisscross\mycrisscross\debug\inputchecker.nativecodeanalysis.sarif
c:\users\nikit\source\repos\mycrisscross\mycrisscross\debug\inputchecker.nativecodeanalysis.xml
c:\users\nikit\source\repos\mycrisscross\mycrisscross\debug\gamefieldui.nativecodeanalysis.sarif
c:\users\nikit\source\repos\mycrisscross\mycrisscross\debug\gamefieldui.nativecodeanalysis.xml
c:\users\nikit\source\repos\mycrisscross\mycrisscross\debug\gamefieldinteractive.nativecodeanalysis.sarif
c:\users\nikit\source\repos\mycrisscross\mycrisscross\debug\gamefieldinteractive.nativecodeanalysis.xml
c:\users\nikit\source\repos\mycrisscross\mycrisscross\debug\gamefieldinteractive.obj
c:\users\nikit\source\repos\mycrisscross\mycrisscross\debug\gamefieldui.obj
c:\users\nikit\source\repos\mycrisscross\mycrisscross\debug\inputchecker.obj
c:\users\nikit\source\repos\mycrisscross\mycrisscross\debug\mycrisscross.obj
c:\users\nikit\source\repos\mycrisscross\mycrisscross\debug\uiinterface.obj
c:\users\nikit\source\repos\mycrisscross\mycrisscross\debug\winschecker.obj
c:\users\nikit\source\repos\mycrisscross\debug\mycrisscross.ilk
c:\users\nikit\source\repos\mycrisscross\debug\mycrisscross.exe
c:\users\nikit\source\repos\mycrisscross\debug\mycrisscross.pdb
c:\users\nikit\source\repos\mycrisscross\mycrisscross\debug\vc.nativecodeanalysis.all.xml
c:\users\nikit\source\repos\mycrisscross\mycrisscross\debug\mycrisscross.tlog\cl.command.1.tlog
c:\users\nikit\source\repos\mycrisscross\mycrisscross\debug\mycrisscross.tlog\cl.read.1.tlog
c:\users\nikit\source\repos\mycrisscross\mycrisscross\debug\mycrisscross.tlog\cl.write.1.tlog
c:\users\nikit\source\repos\mycrisscross\mycrisscross\debug\mycrisscross.tlog\link.command.1.tlog
c:\users\nikit\source\repos\mycrisscross\mycrisscross\debug\mycrisscross.tlog\link.read.1.tlog
c:\users\nikit\source\repos\mycrisscross\mycrisscross\debug\mycrisscross.tlog\link.write.1.tlog
